<?xml version="1.0" encoding="UTF-8"?>
<!-- Generated by org.testng.reporters.JUnitReportReporter -->
<testsuite hostname="QASudeep" failures="0" tests="1" name="Assignement.television" time="23.232" errors="0" timestamp="2024-01-27T18:58:18 IST" skipped="0">
  <testcase classname="Assignement.television" name="test" time="23.232"/>
  <system-out/>
</testsuite> <!-- Assignement.television -->
