<?xml version="1.0" encoding="UTF-8"?>
<!-- Generated by org.testng.reporters.JUnitReportReporter -->
<testsuite hostname="QASudeep" failures="0" tests="1" name="Assignement.samsungPPrice" time="21.720" errors="0" timestamp="2024-01-27T18:04:12 IST" skipped="0">
  <testcase classname="Assignement.samsungPPrice" name="test" time="21.720"/>
  <system-out/>
</testsuite> <!-- Assignement.samsungPPrice -->
