<?xml version="1.0" encoding="UTF-8"?>
<!-- Generated by org.testng.reporters.JUnitReportReporter -->
<testsuite hostname="QASudeep" failures="0" tests="4" name="dataProviderTest" time="0.024" errors="0" timestamp="2024-01-21T23:55:06 IST" skipped="0">
  <testcase classname="dataProviderTest" name="testDataProvider" time="0.016"/>
  <system-out/>
  <testcase classname="dataProviderTest" name="testDataProvider" time="0.003"/>
  <system-out/>
  <testcase classname="dataProviderTest" name="testDataProvider" time="0.004"/>
  <system-out/>
  <testcase classname="dataProviderTest" name="testDataProvider" time="0.001"/>
  <system-out/>
</testsuite> <!-- dataProviderTest -->
