<?xml version="1.0" encoding="UTF-8"?>
<!-- Generated by org.testng.reporters.JUnitReportReporter -->
<testsuite hostname="QASudeep" failures="0" tests="1" name="flipkart1" time="34.362" errors="0" timestamp="2023-12-30T19:46:17 IST" skipped="0">
  <testcase classname="flipkart1" name="test1" time="34.362"/>
  <system-out/>
</testsuite> <!-- flipkart1 -->
