<?xml version="1.0" encoding="UTF-8"?>
<!-- Generated by org.testng.reporters.JUnitReportReporter -->
<testsuite hostname="QASudeep" failures="0" tests="2" name="practice1" time="0.022" errors="0" timestamp="2024-01-17T11:05:05 IST" skipped="0">
  <testcase classname="practice1" name="test1" time="0.016"/>
  <system-out/>
  <testcase classname="practice1" name="test2" time="0.006"/>
  <system-out/>
</testsuite> <!-- practice1 -->
