<?xml version="1.0" encoding="UTF-8"?>
<!-- Generated by org.testng.reporters.JUnitReportReporter -->
<testsuite hostname="QASudeep" failures="0" tests="4" name="testDataProvider2" time="0.028" errors="0" timestamp="2024-01-16T16:41:23 IST" skipped="0">
  <testcase classname="testDataProvider2" name="testDataProv" time="0.005"/>
  <system-out/>
  <testcase classname="testDataProvider2" name="testDataProv" time="0.004"/>
  <system-out/>
  <testcase classname="testDataProvider2" name="testDataProv" time="0.014"/>
  <system-out/>
  <testcase classname="testDataProvider2" name="testDataProv" time="0.005"/>
  <system-out/>
</testsuite> <!-- testDataProvider2 -->
